<?xml version="1.0" encoding="UTF-8"?>
<testng-results skipped="0" failed="0" ignored="0" total="1" passed="1">
  <reporter-output>
  </reporter-output>
  <suite name="Suite" duration-ms="7881" started-at="2019-07-31T06:00:49Z" finished-at="2019-07-31T06:00:57Z">
    <groups>
    </groups>
    <test name="Test" duration-ms="7881" started-at="2019-07-31T06:00:49Z" finished-at="2019-07-31T06:00:57Z">
      <class name="StepDef.Guru99Bank">
        <test-method status="PASS" signature="GuruBank()[pri:0, instance:StepDef.Guru99Bank@8bd1b6a]" name="GuruBank" duration-ms="7852" started-at="2019-07-31T06:00:49Z" finished-at="2019-07-31T06:00:56Z">
          <reporter-output>
          </reporter-output>
        </test-method> <!-- GuruBank -->
      </class> <!-- StepDef.Guru99Bank -->
    </test> <!-- Test -->
  </suite> <!-- Suite -->
</testng-results>
